0 info it worked if it ends with ok
1 verbose cli [ '/usr/local/bin/node', '/usr/local/bin/npm', 'run', 'dev' ]
2 info using npm@3.10.10
3 info using node@v6.9.5
4 verbose run-script [ 'predev', 'dev', 'postdev' ]
5 info lifecycle my_playlist@1.0.0~predev: my_playlist@1.0.0
6 silly lifecycle my_playlist@1.0.0~predev: no script for predev, continuing
7 info lifecycle my_playlist@1.0.0~dev: my_playlist@1.0.0
8 verbose lifecycle my_playlist@1.0.0~dev: unsafe-perm in lifecycle true
9 verbose lifecycle my_playlist@1.0.0~dev: PATH: /usr/local/lib/node_modules/npm/bin/node-gyp-bin:/Users/student_13/GA/projects/unit03/project3/my_playlist/node_modules/.bin:/usr/local/bin:/usr/bin:/bin:/usr/sbin:/sbin:/opt/X11/bin:/usr/local/go/bin
10 verbose lifecycle my_playlist@1.0.0~dev: CWD: /Users/student_13/GA/projects/unit03/project3/my_playlist
11 silly lifecycle my_playlist@1.0.0~dev: Args: [ '-c', 'nodemon app.js' ]
12 info lifecycle my_playlist@1.0.0~dev: Failed to exec dev script
13 verbose stack Error: my_playlist@1.0.0 dev: `nodemon app.js`
13 verbose stack spawn ENOENT
13 verbose stack     at ChildProcess.<anonymous> (/usr/local/lib/node_modules/npm/lib/utils/spawn.js:33:16)
13 verbose stack     at emitTwo (events.js:106:13)
13 verbose stack     at ChildProcess.emit (events.js:191:7)
13 verbose stack     at maybeClose (internal/child_process.js:877:16)
13 verbose stack     at Process.ChildProcess._handle.onexit (internal/child_process.js:226:5)
14 verbose pkgid my_playlist@1.0.0
15 verbose cwd /Users/student_13/GA/projects/unit03/project3/my_playlist
16 error Darwin 16.6.0
17 error argv "/usr/local/bin/node" "/usr/local/bin/npm" "run" "dev"
18 error node v6.9.5
19 error npm  v3.10.10
20 error file sh
21 error code ELIFECYCLE
22 error errno ENOENT
23 error syscall spawn
24 error my_playlist@1.0.0 dev: `nodemon app.js`
24 error spawn ENOENT
25 error Failed at the my_playlist@1.0.0 dev script 'nodemon app.js'.
25 error Make sure you have the latest version of node.js and npm installed.
25 error If you do, this is most likely a problem with the my_playlist package,
25 error not with npm itself.
25 error Tell the author that this fails on your system:
25 error     nodemon app.js
25 error You can get information on how to open an issue for this project with:
25 error     npm bugs my_playlist
25 error Or if that isn't available, you can get their info via:
25 error     npm owner ls my_playlist
25 error There is likely additional logging output above.
26 verbose exit [ 1, true ]
